Start 2019-05-15 20:18:22.757116
dateTimeNearest5Min 2019-05-15 15:15
dateTimeNearest10Min 2019-05-15 15:10
ema9Now 285.4056
ema9Before 285.4195
ema4Now 285.3431
ema4Before 285.3384
ema9Now 183.2638
ema9Before 183.2685
ema4Now 183.2231
ema4Before 183.2085
ema9Now 29.4978
ema9Before 29.4947
Start 2019-05-15 20:23:20.994447
dateTimeNearest5Min 2019-05-15 15:20
dateTimeNearest10Min 2019-05-15 15:20
Working on SPY
ema9Now 285.4005
ema9Before 285.4005
ema4Now 285.3578
ema4Before 285.3578
Working on QQQ
ema9Now 183.2628
ema9Before 183.2628
ema4Now 183.2378
ema4Before 183.2378
Working on VXX
ema9Now 29.4902
ema9Before 29.4902
Start 2019-05-15 20:23:56.350078
dateTimeNearest5Min 2019-05-15 15:20
dateTimeNearest10Min 2019-05-15 15:20
Working on VXX
Start 2019-05-15 20:24:37.242786
dateTimeNearest5Min 2019-05-15 15:20
dateTimeNearest10Min 2019-05-15 15:20
Working on VXX
ema9Now 29.4902
ema9Before 29.4902
ema4Now 29.4927
ema4Before 29.4927
Working on IWM
ema9Now 154.0594
ema9Before 154.0594
ema4Now 154.0704
ema4Before 154.0704
Working on EWZ
ema9Now 38.6272
ema9Before 38.6272
Start 2019-05-15 20:30:55.173383
dateTimeNearest5Min 2019-05-15 15:30
dateTimeNearest10Min 2019-05-15 15:25
Working on SPY
ema9Now 285.4597
ema9Before 285.4096
ema4Now 285.4996
ema4Before 285.3927
Sending BUY email for SPY
Working on QQQ
ema9Now 183.2867
ema9Before 183.2584
ema4Now 183.3032
ema4Before 183.2387
Sending BUY email for QQQ
Working on VXX
ema9Now 29.4725
ema9Before 29.4882
ema4Now 29.4566
ema4Before 29.4876
Working on IWM
ema9Now 154.1097
ema9Before 154.0697
ema4Now 154.1597
ema4Before 154.0862
Working on EWZ
ema9Now 38.6114
ema9Before 38.6117
ema4Now 38.5881
ema4Before 38.5734
Working on XLF
Start 2019-05-15 21:16:21.996309
dateTimeNearest5Min 2019-05-15 15:15
dateTimeNearest10Min 2019-05-15 15:10
Working on SPY
ema9Now 285.4056
ema9Before 285.4195
ema4Now 285.3431
ema4Before 285.3384
Working on QQQ
ema9Now 183.2638
ema9Before 183.2685
ema4Now 183.2231
ema4Before 183.2085
Working on VXX
ema9Now 29.4976
ema9Before 29.4945
Start 2019-05-15 21:17:57.049898
dateTimeNearest5Min 2019-05-15 15:15
dateTimeNearest10Min 2019-05-15 15:10
Working on SPY
Start 2019-05-15 21:18:22.689292
dateTimeNearest5Min 2019-05-15 15:15
dateTimeNearest10Min 2019-05-15 15:10
Working on SPY
Quotient 0
ema9Now 285.4056
ema9Before 285.4195
Quotient 0
ema4Now 285.3431
ema4Before 285.3384
Working on QQQ
Quotient 0
ema9Now 183.2638
ema9Before 183.2685
Quotient 0
ema4Now 183.2231
ema4Before 183.2085
Working on VXX
Quotient 0
ema9Now 29.4978
ema9Before 29.4947
Quotient 1
Start 2019-05-15 21:20:51.047076
dateTimeNearest5Min 2019-05-15 15:20
dateTimeNearest10Min 2019-05-15 15:15
Working on SPY
APIKey FQNM
ema9Now 285.4008
ema9Before 285.4060
APIKey FQNM
ema4Now 285.3578
ema4Before 285.3431
Working on QQQ
APIKey FQNM
ema9Now 183.2628
ema9Before 183.2635
APIKey FQNM
ema4Now 183.2378
ema4Before 183.2231
Working on VXX
APIKey FQNM
ema9Now 29.4902
ema9Before 29.4978
APIKey 1BRMFVOI45RA8EFC
Start 2019-05-15 21:21:34.916871
dateTimeNearest5Min 2019-05-15 15:20
dateTimeNearest10Min 2019-05-15 15:15
Working on SPY
APIKey G1YTRRFMBBYDQX6T
ema9Now 285.4008
ema9Before 285.4060
APIKey G1YTRRFMBBYDQX6T
ema4Now 285.3578
ema4Before 285.3431
Working on QQQ
APIKey G1YTRRFMBBYDQX6T
ema9Now 183.2630
ema9Before 183.2638
APIKey G1YTRRFMBBYDQX6T
ema4Now 183.2378
ema4Before 183.2231
Working on VXX
APIKey G1YTRRFMBBYDQX6T
ema9Now 29.4902
ema9Before 29.4978
APIKey BXLDWMT70TUJFHS4
Start 2019-05-15 21:27:25.290646
dateTimeNearest5Min 2019-05-15 15:25
dateTimeNearest10Min 2019-05-15 15:20
Working on SPY
APIKey FQNM
ema9Now 285.4094
ema9Before 285.4005
APIKey FQNM
ema4Now 285.3927
ema4Before 285.3578
End 2019-05-15 21:27:27.139909
Start 2019-05-15 21:30:15.247921
dateTimeNearest5Min 2019-05-15 15:30
dateTimeNearest10Min 2019-05-15 15:25
Working on SPY
APIKey FQNM
ema9Now 285.4595
ema9Before 285.4094
APIKey FQNM
ema4Now 285.4996
ema4Before 285.3927
Sending BUY email for SPY
Working on TSLA
APIKey FQNM
ema9Now 231.0821
ema9Before 230.9501
APIKey FQNM
ema4Now 231.3052
ema4Before 231.1021
End 2019-05-15 21:30:19.977473
Start 2019-05-15 22:40:00.317366
dateTimeNearest5Min 2019-05-15 15:40
dateTimeNearest10Min 2019-05-15 15:35
Working on SPY
APIKey FQNM
ema9Now 285.5077
ema9Before 285.4996
APIKey FQNM
ema4Now 285.5543
ema4Before 285.5638
Working on TSLA
APIKey FQNM
ema9Now 231.3422
ema9Before 231.2477
APIKey FQNM
ema4Now 231.6163
ema4Before 231.5471
End 2019-05-15 22:40:04.142704
Start 2019-05-15 22:41:00.648076
dateTimeNearest5Min 2019-05-15 15:40
dateTimeNearest10Min 2019-05-15 15:35
Working on SPY
APIKey FQNM
ema9Now 285.5077
ema9Before 285.4996
APIKey FQNM
ema4Now 285.5543
ema4Before 285.5638
Working on TSLA
APIKey FQNM
ema9Now 231.3422
ema9Before 231.2477
APIKey FQNM
ema4Now 231.6163
ema4Before 231.5471
End 2019-05-15 22:41:04.224986
Start 2019-05-15 22:42:00.698383
dateTimeNearest5Min 2019-05-15 15:40
dateTimeNearest10Min 2019-05-15 15:35
Working on SPY
APIKey FQNM
ema9Now 285.5077
ema9Before 285.4996
APIKey FQNM
ema4Now 285.5543
ema4Before 285.5638
Working on TSLA
APIKey FQNM
ema9Now 231.3422
ema9Before 231.2477
APIKey FQNM
ema4Now 231.6163
ema4Before 231.5471
End 2019-05-15 22:42:04.460934
Start 2019-05-15 22:43:00.963749
dateTimeNearest5Min 2019-05-15 15:40
dateTimeNearest10Min 2019-05-15 15:35
Working on SPY
APIKey FQNM
ema9Now 285.5078
ema9Before 285.4998
APIKey FQNM
ema4Now 285.5543
ema4Before 285.5638
Working on TSLA
APIKey FQNM
ema9Now 231.3422
ema9Before 231.2477
APIKey FQNM
ema4Now 231.6163
ema4Before 231.5471
End 2019-05-15 22:43:04.561826
Start 2019-05-16 06:00:01.137811
dateTimeNearest5Min 2019-05-16 06:00
dateTimeNearest10Min 2019-05-16 05:55
Working on SPY
APIKey FQNM
Start 2019-05-16 06:05:00.682668
dateTimeNearest5Min 2019-05-16 06:05
dateTimeNearest10Min 2019-05-16 06:00
Working on SPY
APIKey FQNM
Start 2019-05-16 06:10:00.586844
dateTimeNearest5Min 2019-05-16 06:10
dateTimeNearest10Min 2019-05-16 06:05
Working on SPY
APIKey FQNM
Start 2019-05-16 06:15:00.969872
dateTimeNearest5Min 2019-05-16 06:15
dateTimeNearest10Min 2019-05-16 06:10
Working on SPY
APIKey FQNM
Start 2019-05-16 06:20:01.121334
dateTimeNearest5Min 2019-05-16 06:20
dateTimeNearest10Min 2019-05-16 06:15
Working on SPY
APIKey FQNM
Start 2019-05-16 06:25:01.865245
dateTimeNearest5Min 2019-05-16 06:25
dateTimeNearest10Min 2019-05-16 06:20
Working on SPY
APIKey FQNM
Start 2019-05-16 06:30:00.545201
dateTimeNearest5Min 2019-05-16 06:30
dateTimeNearest10Min 2019-05-16 06:25
Working on SPY
APIKey FQNM
Start 2019-05-16 06:35:01.685824
dateTimeNearest5Min 2019-05-16 06:35
dateTimeNearest10Min 2019-05-16 06:30
Working on SPY
APIKey FQNM
Start 2019-05-16 06:40:01.617887
dateTimeNearest5Min 2019-05-16 06:40
dateTimeNearest10Min 2019-05-16 06:35
Working on SPY
APIKey FQNM
Start 2019-05-16 06:45:00.888634
dateTimeNearest5Min 2019-05-16 06:45
dateTimeNearest10Min 2019-05-16 06:40
Working on SPY
APIKey FQNM
Start 2019-05-16 06:50:00.983512
dateTimeNearest5Min 2019-05-16 06:50
dateTimeNearest10Min 2019-05-16 06:45
Working on SPY
APIKey FQNM
Start 2019-05-16 06:55:00.779907
dateTimeNearest5Min 2019-05-16 06:55
dateTimeNearest10Min 2019-05-16 06:50
Working on SPY
APIKey FQNM
Start 2019-05-16 07:00:01.484334
dateTimeNearest5Min 2019-05-16 07:00
dateTimeNearest10Min 2019-05-16 06:55
Working on SPY
APIKey FQNM
Start 2019-05-16 07:05:01.015972
dateTimeNearest5Min 2019-05-16 07:05
dateTimeNearest10Min 2019-05-16 07:00
Working on SPY
APIKey FQNM
Start 2019-05-16 07:10:00.736987
dateTimeNearest5Min 2019-05-16 07:10
dateTimeNearest10Min 2019-05-16 07:05
Working on SPY
APIKey FQNM
Start 2019-05-16 07:15:01.640458
dateTimeNearest5Min 2019-05-16 07:15
dateTimeNearest10Min 2019-05-16 07:10
Working on SPY
APIKey FQNM
Start 2019-05-16 07:20:00.590627
dateTimeNearest5Min 2019-05-16 07:20
dateTimeNearest10Min 2019-05-16 07:15
Working on SPY
APIKey FQNM
Start 2019-05-16 07:25:00.862406
dateTimeNearest5Min 2019-05-16 07:25
dateTimeNearest10Min 2019-05-16 07:20
Working on SPY
APIKey FQNM
Start 2019-05-16 07:30:01.881784
dateTimeNearest5Min 2019-05-16 07:30
dateTimeNearest10Min 2019-05-16 07:25
Working on SPY
APIKey FQNM
Start 2019-05-16 07:35:01.070169
dateTimeNearest5Min 2019-05-16 07:35
dateTimeNearest10Min 2019-05-16 07:30
Working on SPY
APIKey FQNM
Start 2019-05-16 07:40:00.796602
dateTimeNearest5Min 2019-05-16 07:40
dateTimeNearest10Min 2019-05-16 07:35
Working on SPY
APIKey FQNM
Start 2019-05-16 07:45:01.551764
dateTimeNearest5Min 2019-05-16 10:45
dateTimeNearest10Min 2019-05-16 10:40
Working on SPY
APIKey FQNM
ema9Now 287.8750
ema9Before 287.7737
APIKey FQNM
ema4Now 288.1921
ema4Before 288.1335
Working on TSLA
APIKey FQNM
ema9Now 228.4157
ema9Before 228.1865
APIKey FQNM
ema4Now 228.6735
ema4Before 228.2341
End 2019-05-16 07:45:05.912140
Start 2019-05-16 07:50:00.633676
dateTimeNearest5Min 2019-05-16 10:50
dateTimeNearest10Min 2019-05-16 10:45
Working on SPY
APIKey FQNM
ema9Now 287.9792
ema9Before 287.8765
APIKey FQNM
ema4Now 288.2711
ema4Before 288.1918
Working on TSLA
APIKey FQNM
ema9Now 228.6689
ema9Before 228.3749
APIKey FQNM
ema4Now 229.1352
ema4Before 228.6620
End 2019-05-16 07:50:04.813886
Start 2019-05-16 07:55:00.483167
dateTimeNearest5Min 2019-05-16 10:55
dateTimeNearest10Min 2019-05-16 10:50
Working on SPY
APIKey FQNM
ema9Now 288.0584
ema9Before 287.9804
APIKey FQNM
ema4Now 288.3115
ema4Before 288.2725
Working on TSLA
APIKey FQNM
ema9Now 228.8616
ema9Before 228.6720
APIKey FQNM
ema4Now 229.3312
ema4Before 229.1387
End 2019-05-16 07:55:04.480502
Start 2019-05-16 08:00:00.415449
dateTimeNearest5Min 2019-05-16 11:00
dateTimeNearest10Min 2019-05-16 10:55
Working on SPY
APIKey FQNM
ema9Now 288.1329
ema9Before 288.0561
APIKey FQNM
ema4Now 288.3621
ema4Before 288.3102
Working on TSLA
APIKey FQNM
ema9Now 228.8893
ema9Before 228.8616
APIKey FQNM
ema4Now 229.2012
ema4Before 229.3353
End 2019-05-16 08:00:04.789741
Start 2019-05-16 08:05:00.944179
dateTimeNearest5Min 2019-05-16 11:05
dateTimeNearest10Min 2019-05-16 11:00
Working on SPY
APIKey FQNM
ema9Now 288.2149
ema9Before 288.1324
APIKey FQNM
ema4Now 288.4344
ema4Before 288.3606
Working on TSLA
APIKey FQNM
ema9Now 228.8764
ema9Before 228.8920
APIKey FQNM
ema4Now 229.0467
ema4Before 229.2018
End 2019-05-16 08:05:04.821782
Start 2019-05-16 08:10:00.840406
dateTimeNearest5Min 2019-05-16 11:10
dateTimeNearest10Min 2019-05-16 11:05
Working on SPY
APIKey FQNM
ema9Now 288.2429
ema9Before 288.2136
APIKey FQNM
ema4Now 288.4038
ema4Before 288.4329
Working on TSLA
APIKey FQNM
ema9Now 228.8276
ema9Before 228.8995
APIKey FQNM
ema4Now 228.8492
ema4Before 229.0554
End 2019-05-16 08:10:06.087276
Start 2019-05-16 08:15:01.337583
dateTimeNearest5Min 2019-05-16 11:15
dateTimeNearest10Min 2019-05-16 11:10
Working on SPY
APIKey FQNM
ema9Now 288.2463
ema9Before 288.2429
APIKey FQNM
ema4Now 288.3463
ema4Before 288.4038
Working on TSLA
APIKey FQNM
ema9Now 228.7624
ema9Before 228.8143
APIKey FQNM
ema4Now 228.7310
ema4Before 228.8483
Sending SELL email for TSLA
End 2019-05-16 08:15:09.295299
Start 2019-05-16 08:20:01.602682
dateTimeNearest5Min 2019-05-16 11:20
dateTimeNearest10Min 2019-05-16 11:15
Working on SPY
APIKey FQNM
ema9Now 288.2808
ema9Before 288.2459
APIKey FQNM
ema4Now 288.3758
ema4Before 288.3463
Working on TSLA
APIKey FQNM
ema9Now 228.7639
ema9Before 228.7624
APIKey FQNM
ema4Now 228.7466
ema4Before 228.7310
End 2019-05-16 08:20:05.680896
Start 2019-05-16 08:25:01.386957
dateTimeNearest5Min 2019-05-16 11:25
dateTimeNearest10Min 2019-05-16 11:20
Working on SPY
APIKey FQNM
ema9Now 288.3548
ema9Before 288.2811
APIKey FQNM
ema4Now 288.4855
ema4Before 288.3758
Working on TSLA
APIKey FQNM
ema9Now 228.8109
ema9Before 228.7601
APIKey FQNM
ema4Now 228.8510
ema4Before 228.7423
Sending BUY email for TSLA
End 2019-05-16 08:25:06.071720
Start 2019-05-16 08:30:01.344195
dateTimeNearest5Min 2019-05-16 11:30
dateTimeNearest10Min 2019-05-16 11:25
Working on SPY
APIKey FQNM
ema9Now 288.3957
ema9Before 288.3546
APIKey FQNM
ema4Now 288.5153
ema4Before 288.4855
Working on TSLA
APIKey FQNM
ema9Now 228.8933
ema9Before 228.8166
APIKey FQNM
ema4Now 228.9945
ema4Before 228.8575
End 2019-05-16 08:30:04.725999
Start 2019-05-16 08:35:00.809289
dateTimeNearest5Min 2019-05-16 11:35
dateTimeNearest10Min 2019-05-16 11:30
Working on SPY
APIKey FQNM
ema9Now 288.4320
ema9Before 288.3957
APIKey FQNM
ema4Now 288.5402
ema4Before 288.5153
Working on TSLA
APIKey FQNM
ema9Now 228.9646
ema9Before 228.8933
APIKey FQNM
ema4Now 229.0967
ema4Before 228.9945
End 2019-05-16 08:35:05.847251
Start 2019-05-16 08:40:01.051285
dateTimeNearest5Min 2019-05-16 11:40
dateTimeNearest10Min 2019-05-16 11:35
Working on SPY
APIKey FQNM
ema9Now 288.4926
ema9Before 288.4320
APIKey FQNM
ema4Now 288.6181
ema4Before 288.5402
Working on TSLA
APIKey FQNM
ema9Now 228.9672
ema9Before 228.9690
APIKey FQNM
ema4Now 229.0421
ema4Before 229.0968
End 2019-05-16 08:40:05.110505
Start 2019-05-16 08:45:00.978874
dateTimeNearest5Min 2019-05-16 11:45
dateTimeNearest10Min 2019-05-16 11:40
Working on SPY
APIKey FQNM
ema9Now 288.5582
ema9Before 288.4928
APIKey FQNM
ema4Now 288.6989
ema4Before 288.6181
Working on TSLA
APIKey FQNM
ema9Now 228.8570
ema9Before 228.9637
APIKey FQNM
ema4Now 228.7972
ema4Before 229.0421
Sending SELL email for TSLA
End 2019-05-16 08:45:06.322036
Start 2019-05-16 08:50:01.533918
dateTimeNearest5Min 2019-05-16 11:50
dateTimeNearest10Min 2019-05-16 11:45
Working on SPY
APIKey FQNM
ema9Now 288.6478
ema9Before 288.5585
APIKey FQNM
ema4Now 288.8215
ema4Before 288.6992
Working on TSLA
APIKey FQNM
ema9Now 228.8496
ema9Before 228.8570
APIKey FQNM
ema4Now 228.8063
ema4Before 228.7972
End 2019-05-16 08:50:05.235053
Start 2019-05-16 08:55:01.891606
dateTimeNearest5Min 2019-05-16 11:55
dateTimeNearest10Min 2019-05-16 11:50
Working on SPY
APIKey FQNM
ema9Now 288.6807
ema9Before 288.6484
APIKey FQNM
ema4Now 288.8174
ema4Before 288.8223
Working on TSLA
APIKey FQNM
ema9Now 228.7397
ema9Before 228.8496
APIKey FQNM
ema4Now 228.6038
ema4Before 228.8063
End 2019-05-16 08:55:05.939147
Start 2019-05-16 09:00:00.979046
dateTimeNearest5Min 2019-05-16 12:00
dateTimeNearest10Min 2019-05-16 11:55
Working on SPY
APIKey FQNM
ema9Now 288.6946
ema9Before 288.6808
APIKey FQNM
ema4Now 288.7904
ema4Before 288.8174
Working on TSLA
APIKey FQNM
ema9Now 228.6217
ema9Before 228.7397
APIKey FQNM
ema4Now 228.4223
ema4Before 228.6038
End 2019-05-16 09:00:05.348934
Start 2019-05-16 09:05:01.834022
dateTimeNearest5Min 2019-05-16 12:05
dateTimeNearest10Min 2019-05-16 12:00
Working on SPY
APIKey FQNM
ema9Now 288.7177
ema9Before 288.6946
APIKey FQNM
ema4Now 288.7982
ema4Before 288.7904
Working on TSLA
APIKey FQNM
ema9Now 228.6134
ema9Before 228.6217
APIKey FQNM
ema4Now 228.4854
ema4Before 228.4223
End 2019-05-16 09:05:06.018586
Start 2019-05-16 09:10:00.620745
dateTimeNearest5Min 2019-05-16 12:10
dateTimeNearest10Min 2019-05-16 12:05
Working on SPY
APIKey FQNM
ema9Now 288.7336
ema9Before 288.7170
APIKey FQNM
ema4Now 288.7985
ema4Before 288.7975
Working on TSLA
APIKey FQNM
ema9Now 228.6233
ema9Before 228.6145
APIKey FQNM
ema4Now 228.5545
ema4Before 228.4854
End 2019-05-16 09:10:04.896362
Start 2019-05-16 09:15:00.801419
dateTimeNearest5Min 2019-05-16 12:15
dateTimeNearest10Min 2019-05-16 12:10
Working on SPY
APIKey FQNM
ema9Now 288.7434
ema9Before 288.7343
APIKey FQNM
ema4Now 288.7915
ema4Before 288.7992
Working on TSLA
APIKey FQNM
ema9Now 228.6139
ema9Before 228.6223
APIKey FQNM
ema4Now 228.5647
ema4Before 228.5545
End 2019-05-16 09:15:05.108466
Start 2019-05-16 09:20:02.007234
dateTimeNearest5Min 2019-05-16 12:20
dateTimeNearest10Min 2019-05-16 12:15
Working on SPY
APIKey FQNM
ema9Now 288.7787
ema9Before 288.7434
APIKey FQNM
ema4Now 288.8429
ema4Before 288.7915
Working on TSLA
APIKey FQNM
ema9Now 228.6949
ema9Before 228.6139
APIKey FQNM
ema4Now 228.7465
ema4Before 228.5647
Sending BUY email for TSLA
End 2019-05-16 09:20:10.299491
Start 2019-05-16 09:25:02.261366
dateTimeNearest5Min 2019-05-16 12:25
dateTimeNearest10Min 2019-05-16 12:20
Working on SPY
APIKey FQNM
ema9Now 288.8490
ema9Before 288.7787
APIKey FQNM
ema4Now 288.9578
ema4Before 288.8429
Working on TSLA
APIKey FQNM
ema9Now 228.8139
ema9Before 228.6949
APIKey FQNM
ema4Now 228.9639
ema4Before 228.7465
End 2019-05-16 09:25:07.933974
Start 2019-05-16 09:30:00.864731
dateTimeNearest5Min 2019-05-16 12:30
dateTimeNearest10Min 2019-05-16 12:25
Working on SPY
APIKey FQNM
ema9Now 288.8652
ema9Before 288.8490
APIKey FQNM
ema4Now 288.9467
ema4Before 288.9578
Working on TSLA
APIKey FQNM
ema9Now 229.0001
ema9Before 228.8139
APIKey FQNM
ema4Now 229.2763
ema4Before 228.9639
End 2019-05-16 09:30:04.905212
Start 2019-05-16 09:35:00.881864
dateTimeNearest5Min 2019-05-16 12:35
dateTimeNearest10Min 2019-05-16 12:30
Working on SPY
APIKey FQNM
ema9Now 288.8601
ema9Before 288.8652
APIKey FQNM
ema4Now 288.9040
ema4Before 288.9467
Working on TSLA
APIKey FQNM
ema9Now 229.1301
ema9Before 229.0001
APIKey FQNM
ema4Now 229.4258
ema4Before 229.2763
End 2019-05-16 09:35:05.121129
Start 2019-05-16 09:40:01.802674
dateTimeNearest5Min 2019-05-16 12:40
dateTimeNearest10Min 2019-05-16 12:35
Working on SPY
APIKey FQNM
ema9Now 288.8821
ema9Before 288.8601
APIKey FQNM
ema4Now 288.9304
ema4Before 288.9040
Working on TSLA
APIKey FQNM
ema9Now 229.2373
ema9Before 229.1317
APIKey FQNM
ema4Now 229.5203
ema4Before 229.4272
End 2019-05-16 09:40:05.680893
Start 2019-05-16 09:45:00.622646
dateTimeNearest5Min 2019-05-16 12:45
dateTimeNearest10Min 2019-05-16 12:40
Working on SPY
APIKey FQNM
ema9Now 288.8577
ema9Before 288.8821
APIKey FQNM
ema4Now 288.8622
ema4Before 288.9304
Working on TSLA
APIKey FQNM
ema9Now 229.3430
ema9Before 229.2313
APIKey FQNM
ema4Now 229.6243
ema4Before 229.5138
End 2019-05-16 09:45:04.375444
Start 2019-05-16 09:50:01.429554
dateTimeNearest5Min 2019-05-16 12:50
dateTimeNearest10Min 2019-05-16 12:45
Working on SPY
APIKey FQNM
ema9Now 288.8132
ema9Before 288.8590
APIKey FQNM
ema4Now 288.7702
ema4Before 288.8637
Sending SELL email for SPY
Working on TSLA
APIKey FQNM
ema9Now 229.4085
ema9Before 229.3456
APIKey FQNM
ema4Now 229.6403
ema4Before 229.6272
End 2019-05-16 09:50:08.167385
Start 2019-05-16 09:55:01.067615
dateTimeNearest5Min 2019-05-16 12:55
dateTimeNearest10Min 2019-05-16 12:50
Working on SPY
APIKey FQNM
ema9Now 288.7592
ema9Before 288.8132
APIKey FQNM
ema4Now 288.6794
ema4Before 288.7702
Working on TSLA
APIKey FQNM
ema9Now 229.4743
ema9Before 229.4278
APIKey FQNM
ema4Now 229.6611
ema4Before 229.6619
End 2019-05-16 09:55:11.839132
Start 2019-05-16 10:00:00.750929
dateTimeNearest5Min 2019-05-16 13:00
dateTimeNearest10Min 2019-05-16 12:55
Working on SPY
APIKey FQNM
ema9Now 288.7083
ema9Before 288.7579
APIKey FQNM
ema4Now 288.6108
ema4Before 288.6780
Working on TSLA
APIKey FQNM
ema9Now 229.6454
ema9Before 229.4741
APIKey FQNM
ema4Now 229.9289
ema4Before 229.6611
End 2019-05-16 10:00:05.197571
Start 2019-05-16 10:05:01.080686
dateTimeNearest5Min 2019-05-16 13:05
dateTimeNearest10Min 2019-05-16 13:00
Working on SPY
APIKey FQNM
ema9Now 288.6821
ema9Before 288.7077
APIKey FQNM
ema4Now 288.5980
ema4Before 288.6101
Working on TSLA
APIKey FQNM
ema9Now 229.6803
ema9Before 229.6454
APIKey FQNM
ema4Now 229.8854
ema4Before 229.9289
End 2019-05-16 10:05:05.367616
Start 2019-05-16 10:10:01.840035
dateTimeNearest5Min 2019-05-16 13:10
dateTimeNearest10Min 2019-05-16 13:05
Working on SPY
APIKey FQNM
ema9Now 288.6177
ema9Before 288.6821
APIKey FQNM
ema4Now 288.5028
ema4Before 288.5980
Working on TSLA
APIKey FQNM
ema9Now 229.5083
ema9Before 229.6804
APIKey FQNM
ema4Now 229.4592
ema4Before 229.8854
Sending SELL email for TSLA
End 2019-05-16 10:10:08.329776
Start 2019-05-16 10:15:01.276306
dateTimeNearest5Min 2019-05-16 13:15
dateTimeNearest10Min 2019-05-16 13:10
Working on SPY
APIKey FQNM
ema9Now 288.5862
ema9Before 288.6177
APIKey FQNM
ema4Now 288.4857
ema4Before 288.5028
Working on TSLA
APIKey FQNM
ema9Now 229.3647
ema9Before 229.5083
APIKey FQNM
ema4Now 229.1915
ema4Before 229.4592
End 2019-05-16 10:15:04.923845
Start 2019-05-16 10:20:01.046954
dateTimeNearest5Min 2019-05-16 13:20
dateTimeNearest10Min 2019-05-16 13:15
Working on SPY
APIKey FQNM
ema9Now 288.5869
ema9Before 288.5862
APIKey FQNM
ema4Now 288.5274
ema4Before 288.4857
Working on TSLA
APIKey FQNM
ema9Now 229.2917
ema9Before 229.3646
APIKey FQNM
ema4Now 229.1149
ema4Before 229.1915
End 2019-05-16 10:20:05.627406
Start 2019-05-16 10:25:00.562908
dateTimeNearest5Min 2019-05-16 13:25
dateTimeNearest10Min 2019-05-16 13:20
Working on SPY
APIKey FQNM
ema9Now 288.6135
ema9Before 288.5869
APIKey FQNM
ema4Now 288.6044
ema4Before 288.5274
Working on TSLA
APIKey FQNM
ema9Now 229.2938
ema9Before 229.3072
APIKey FQNM
ema4Now 229.1754
ema4Before 229.1324
End 2019-05-16 10:25:04.910127
Start 2019-05-16 10:30:01.866148
dateTimeNearest5Min 2019-05-16 13:30
dateTimeNearest10Min 2019-05-16 13:25
Working on SPY
APIKey FQNM
ema9Now 288.6019
ema9Before 288.6148
APIKey FQNM
ema4Now 288.5836
ema4Before 288.6059
Working on TSLA
APIKey FQNM
ema9Now 229.2461
ema9Before 229.2938
APIKey FQNM
ema4Now 229.1275
ema4Before 229.1754
End 2019-05-16 10:30:06.372244
Start 2019-05-16 10:35:01.679693
dateTimeNearest5Min 2019-05-16 13:35
dateTimeNearest10Min 2019-05-16 13:30
Working on SPY
APIKey FQNM
ema9Now 288.6035
ema9Before 288.6019
APIKey FQNM
ema4Now 288.5941
ema4Before 288.5836
Working on TSLA
APIKey FQNM
ema9Now 229.3169
ema9Before 229.2461
APIKey FQNM
ema4Now 229.3165
ema4Before 229.1275
End 2019-05-16 10:35:06.195984
Start 2019-05-16 10:40:01.061440
dateTimeNearest5Min 2019-05-16 13:40
dateTimeNearest10Min 2019-05-16 13:35
Working on SPY
APIKey FQNM
ema9Now 288.5858
ema9Before 288.6029
APIKey FQNM
ema4Now 288.5631
ema4Before 288.5934
Working on TSLA
APIKey FQNM
ema9Now 229.3166
ema9Before 229.3207
APIKey FQNM
ema4Now 229.3125
ema4Before 229.3208
Sending SELL email for TSLA
End 2019-05-16 10:40:07.273521
Start 2019-05-16 10:45:01.334816
dateTimeNearest5Min 2019-05-16 13:45
dateTimeNearest10Min 2019-05-16 13:40
Working on SPY
APIKey FQNM
ema9Now 288.5427
ema9Before 288.5858
APIKey FQNM
ema4Now 288.4859
ema4Before 288.5631
Working on TSLA
APIKey FQNM
ema9Now 229.1753
ema9Before 229.3166
APIKey FQNM
ema4Now 229.0315
ema4Before 229.3125
End 2019-05-16 10:45:05.731425
Start 2019-05-16 10:50:00.559915
dateTimeNearest5Min 2019-05-16 13:50
dateTimeNearest10Min 2019-05-16 13:45
Working on SPY
APIKey FQNM
ema9Now 288.4791
ema9Before 288.5414
APIKey FQNM
ema4Now 288.3827
ema4Before 288.4844
Working on TSLA
APIKey FQNM
ema9Now 229.0062
ema9Before 229.1753
APIKey FQNM
ema4Now 228.7509
ema4Before 229.0315
End 2019-05-16 10:50:06.222989
Start 2019-05-16 10:55:01.203872
dateTimeNearest5Min 2019-05-16 13:55
dateTimeNearest10Min 2019-05-16 13:50
Working on SPY
APIKey FQNM
ema9Now 288.3953
ema9Before 288.4791
APIKey FQNM
ema4Now 288.2536
ema4Before 288.3827
Working on TSLA
APIKey FQNM
ema9Now 228.8666
ema9Before 229.0088
APIKey FQNM
ema4Now 228.5714
ema4Before 228.7538
End 2019-05-16 10:55:05.153315
Start 2019-05-16 11:00:01.530624
dateTimeNearest5Min 2019-05-16 14:00
dateTimeNearest10Min 2019-05-16 13:55
Working on SPY
APIKey FQNM
ema9Now 288.3322
ema9Before 288.3953
APIKey FQNM
ema4Now 288.1842
ema4Before 288.2536
Working on TSLA
APIKey FQNM
ema9Now 228.7997
ema9Before 228.8666
APIKey FQNM
ema4Now 228.5556
ema4Before 228.5714
End 2019-05-16 11:00:05.706371
Start 2019-05-16 11:05:01.900057
dateTimeNearest5Min 2019-05-16 14:05
dateTimeNearest10Min 2019-05-16 14:00
Working on SPY
APIKey FQNM
ema9Now 288.2908
ema9Before 288.3322
APIKey FQNM
ema4Now 288.1605
ema4Before 288.1842
Working on TSLA
APIKey FQNM
ema9Now 228.7788
ema9Before 228.8035
APIKey FQNM
ema4Now 228.6080
ema4Before 228.5600
End 2019-05-16 11:05:05.792261
Start 2019-05-16 11:10:01.457360
dateTimeNearest5Min 2019-05-16 14:10
dateTimeNearest10Min 2019-05-16 14:05
Working on SPY
APIKey FQNM
ema9Now 288.2556
ema9Before 288.2921
APIKey FQNM
ema4Now 288.1412
ema4Before 288.1619
Working on TSLA
APIKey FQNM
ema9Now 228.6852
ema9Before 228.7752
APIKey FQNM
ema4Now 228.4924
ema4Before 228.6040
End 2019-05-16 11:10:05.613903
Start 2019-05-16 11:15:00.518294
dateTimeNearest5Min 2019-05-16 14:15
dateTimeNearest10Min 2019-05-16 14:10
Working on SPY
APIKey FQNM
ema9Now 288.2110
ema9Before 288.2563
APIKey FQNM
ema4Now 288.0971
ema4Before 288.1419
Working on TSLA
APIKey FQNM
ema9Now 228.6402
ema9Before 228.6852
APIKey FQNM
ema4Now 228.4794
ema4Before 228.4924
End 2019-05-16 11:15:04.309479
Start 2019-05-16 11:20:01.819222
dateTimeNearest5Min 2019-05-16 14:20
dateTimeNearest10Min 2019-05-16 14:15
Working on SPY
APIKey FQNM
ema9Now 288.1968
ema9Before 288.2110
APIKey FQNM
ema4Now 288.1143
ema4Before 288.0971
Working on TSLA
APIKey FQNM
ema9Now 228.6681
ema9Before 228.6402
APIKey FQNM
ema4Now 228.5997
ema4Before 228.4794
End 2019-05-16 11:20:05.819109
Start 2019-05-16 11:25:00.755168
dateTimeNearest5Min 2019-05-16 14:25
dateTimeNearest10Min 2019-05-16 14:20
Working on SPY
APIKey FQNM
ema9Now 288.2115
ema9Before 288.1968
APIKey FQNM
ema4Now 288.1766
ema4Before 288.1143
Working on TSLA
APIKey FQNM
ema9Now 228.7065
ema9Before 228.6681
APIKey FQNM
ema4Now 228.7038
ema4Before 228.5997
End 2019-05-16 11:25:05.183572
Start 2019-05-16 11:30:00.830007
dateTimeNearest5Min 2019-05-16 14:30
dateTimeNearest10Min 2019-05-16 14:25
Working on SPY
APIKey FQNM
ema9Now 288.2572
ema9Before 288.2115
APIKey FQNM
ema4Now 288.2819
ema4Before 288.1766
Sending BUY email for SPY
Working on TSLA
APIKey FQNM
ema9Now 228.7662
ema9Before 228.7052
APIKey FQNM
ema4Now 228.8254
ema4Before 228.7024
Sending BUY email for TSLA
End 2019-05-16 11:30:07.082666
Start 2019-05-16 11:35:01.670861
dateTimeNearest5Min 2019-05-16 14:35
dateTimeNearest10Min 2019-05-16 14:30
Working on SPY
APIKey FQNM
ema9Now 288.3242
ema9Before 288.2572
APIKey FQNM
ema4Now 288.4062
ema4Before 288.2819
Working on TSLA
APIKey FQNM
ema9Now 228.7739
ema9Before 228.7662
APIKey FQNM
ema4Now 228.8172
ema4Before 228.8254
End 2019-05-16 11:35:07.027115
Start 2019-05-16 11:40:00.946624
dateTimeNearest5Min 2019-05-16 14:40
dateTimeNearest10Min 2019-05-16 14:35
Working on SPY
APIKey FQNM
ema9Now 288.3694
ema9Before 288.3242
APIKey FQNM
ema4Now 288.4637
ema4Before 288.4062
Working on TSLA
APIKey FQNM
ema9Now 228.7792
ema9Before 228.7739
APIKey FQNM
ema4Now 228.8103
ema4Before 228.8172
End 2019-05-16 11:40:05.598523
Start 2019-05-16 11:45:00.928271
dateTimeNearest5Min 2019-05-16 14:45
dateTimeNearest10Min 2019-05-16 14:40
Working on SPY
APIKey FQNM
ema9Now 288.4305
ema9Before 288.3694
APIKey FQNM
ema4Now 288.5482
ema4Before 288.4637
Working on TSLA
APIKey FQNM
ema9Now 228.8935
ema9Before 228.7894
APIKey FQNM
ema4Now 229.0171
ema4Before 228.8219
End 2019-05-16 11:45:04.502405
Start 2019-05-16 11:50:01.850583
dateTimeNearest5Min 2019-05-16 14:50
dateTimeNearest10Min 2019-05-16 14:45
Working on SPY
APIKey FQNM
ema9Now 288.4544
ema9Before 288.4305
APIKey FQNM
ema4Now 288.5489
ema4Before 288.5482
Working on TSLA
APIKey FQNM
ema9Now 228.9248
ema9Before 228.8935
APIKey FQNM
ema4Now 229.0303
ema4Before 229.0171
End 2019-05-16 11:50:06.375145
Start 2019-05-16 11:55:01.342448
dateTimeNearest5Min 2019-05-16 14:55
dateTimeNearest10Min 2019-05-16 14:50
Working on SPY
APIKey FQNM
ema9Now 288.4635
ema9Before 288.4544
APIKey FQNM
ema4Now 288.5294
ema4Before 288.5489
Working on TSLA
APIKey FQNM
ema9Now 228.9458
ema9Before 228.9248
APIKey FQNM
ema4Now 229.0302
ema4Before 229.0303
End 2019-05-16 11:55:06.732872
Start 2019-05-16 12:00:00.561248
dateTimeNearest5Min 2019-05-16 15:00
dateTimeNearest10Min 2019-05-16 14:55
Working on SPY
APIKey FQNM
ema9Now 288.3983
ema9Before 288.4629
APIKey FQNM
ema4Now 288.3732
ema4Before 288.5286
Sending SELL email for SPY
Working on TSLA
APIKey FQNM
ema9Now 228.9367
ema9Before 228.9458
APIKey FQNM
ema4Now 228.9781
ema4Before 229.0302
End 2019-05-16 12:00:06.578277
Start 2019-05-16 12:05:00.658595
dateTimeNearest5Min 2019-05-16 15:05
dateTimeNearest10Min 2019-05-16 15:00
Working on SPY
APIKey FQNM
ema9Now 288.3786
ema9Before 288.3983
APIKey FQNM
ema4Now 288.3439
ema4Before 288.3732
Working on TSLA
APIKey FQNM
ema9Now 228.9264
ema9Before 228.9380
APIKey FQNM
ema4Now 228.9397
ema4Before 228.9795
End 2019-05-16 12:05:04.528765
Start 2019-05-16 12:10:00.508378
dateTimeNearest5Min 2019-05-16 15:10
dateTimeNearest10Min 2019-05-16 15:05
Working on SPY
APIKey FQNM
ema9Now 288.3209
ema9Before 288.3786
APIKey FQNM
ema4Now 288.2423
ema4Before 288.3439
Working on TSLA
APIKey FQNM
ema9Now 228.9275
ema9Before 228.9264
APIKey FQNM
ema4Now 228.9366
ema4Before 228.9397
End 2019-05-16 12:10:04.730559
Start 2019-05-16 12:15:00.841541
dateTimeNearest5Min 2019-05-16 15:15
dateTimeNearest10Min 2019-05-16 15:10
Working on SPY
APIKey FQNM
ema9Now 288.2257
ema9Before 288.3196
APIKey FQNM
ema4Now 288.0845
ema4Before 288.2409
Working on TSLA
APIKey FQNM
ema9Now 228.8870
ema9Before 228.9287
APIKey FQNM
ema4Now 228.8508
ema4Before 228.9380
Sending SELL email for TSLA
End 2019-05-16 12:15:07.079066
Start 2019-05-16 12:20:01.508753
dateTimeNearest5Min 2019-05-16 15:20
dateTimeNearest10Min 2019-05-16 15:15
Working on SPY
APIKey FQNM
ema9Now 288.1406
ema9Before 288.2257
APIKey FQNM
ema4Now 287.9707
ema4Before 288.0845
Working on TSLA
APIKey FQNM
ema9Now 228.8168
ema9Before 228.8870
APIKey FQNM
ema4Now 228.7250
ema4Before 228.8508
End 2019-05-16 12:20:05.825279
Start 2019-05-16 12:25:00.651505
dateTimeNearest5Min 2019-05-16 15:25
dateTimeNearest10Min 2019-05-16 15:20
Working on SPY
APIKey FQNM
ema9Now 288.0445
ema9Before 288.1406
APIKey FQNM
ema4Now 287.8464
ema4Before 287.9707
Working on TSLA
APIKey FQNM
ema9Now 228.7695
ema9Before 228.8168
APIKey FQNM
ema4Now 228.6670
ema4Before 228.7250
End 2019-05-16 12:25:05.093877
Start 2019-05-16 12:30:00.964713
dateTimeNearest5Min 2019-05-16 15:30
dateTimeNearest10Min 2019-05-16 15:25
Working on SPY
APIKey FQNM
ema9Now 288.0056
ema9Before 288.0445
APIKey FQNM
ema4Now 287.8479
ema4Before 287.8464
Working on TSLA
APIKey FQNM
ema9Now 228.7437
ema9Before 228.7696
APIKey FQNM
ema4Now 228.6563
ema4Before 228.6671
End 2019-05-16 12:30:05.071439
Start 2019-05-16 12:35:01.591941
dateTimeNearest5Min 2019-05-16 15:35
dateTimeNearest10Min 2019-05-16 15:30
Working on SPY
APIKey FQNM
ema9Now 287.9964
ema9Before 288.0056
APIKey FQNM
ema4Now 287.8927
ema4Before 287.8479
Working on TSLA
APIKey FQNM
ema9Now 228.6369
ema9Before 228.7437
APIKey FQNM
ema4Now 228.4778
ema4Before 228.6563
End 2019-05-16 12:35:05.604458
Start 2019-05-16 12:40:00.911983
dateTimeNearest5Min 2019-05-16 15:40
dateTimeNearest10Min 2019-05-16 15:35
Working on SPY
APIKey FQNM
ema9Now 287.9532
ema9Before 287.9964
APIKey FQNM
ema4Now 287.8476
ema4Before 287.8927
Working on TSLA
APIKey FQNM
ema9Now 228.5616
ema9Before 228.6369
APIKey FQNM
ema4Now 228.3907
ema4Before 228.4778
End 2019-05-16 12:40:04.729310
Start 2019-05-16 12:45:00.642905
dateTimeNearest5Min 2019-05-16 15:45
dateTimeNearest10Min 2019-05-16 15:40
Working on SPY
APIKey FQNM
ema9Now 287.8685
ema9Before 287.9532
APIKey FQNM
ema4Now 287.7206
ema4Before 287.8476
Working on TSLA
APIKey FQNM
ema9Now 228.4471
ema9Before 228.5588
APIKey FQNM
ema4Now 228.2326
ema4Before 228.3876
End 2019-05-16 12:45:04.603717
Start 2019-05-16 12:50:00.581722
dateTimeNearest5Min 2019-05-16 15:50
dateTimeNearest10Min 2019-05-16 15:45
Working on SPY
APIKey FQNM
ema9Now 287.7388
ema9Before 287.8685
APIKey FQNM
ema4Now 287.5203
ema4Before 287.7206
Working on TSLA
APIKey FQNM
ema9Now 228.2666
ema9Before 228.4471
APIKey FQNM
ema4Now 227.9574
ema4Before 228.2326
End 2019-05-16 12:50:04.359667
Start 2019-05-16 12:55:01.812937
dateTimeNearest5Min 2019-05-16 15:55
dateTimeNearest10Min 2019-05-16 15:50
Working on SPY
APIKey FQNM
ema9Now 287.6631
ema9Before 287.7388
APIKey FQNM
ema4Now 287.4562
ema4Before 287.5203
Working on TSLA
APIKey FQNM
ema9Now 228.1673
ema9Before 228.2666
APIKey FQNM
ema4Now 227.8825
ema4Before 227.9574
End 2019-05-16 12:55:06.083323
Start 2019-05-16 13:00:00.957442
dateTimeNearest5Min 2019-05-16 16:00
dateTimeNearest10Min 2019-05-16 15:55
Working on SPY
APIKey FQNM
ema9Now 287.5994
ema9Before 287.6618
APIKey FQNM
ema4Now 287.4129
ema4Before 287.4548
Working on TSLA
APIKey FQNM
ema9Now 228.1068
ema9Before 228.1673
APIKey FQNM
ema4Now 227.8755
ema4Before 227.8825
End 2019-05-16 13:00:04.914814
Start 2019-05-16 13:05:00.906549
dateTimeNearest5Min 2019-05-16 16:05
dateTimeNearest10Min 2019-05-16 16:00
Working on SPY
APIKey FQNM
Start 2019-05-16 13:10:01.304441
dateTimeNearest5Min 2019-05-16 16:10
dateTimeNearest10Min 2019-05-16 16:05
Working on SPY
APIKey FQNM
Start 2019-05-16 13:15:00.938689
dateTimeNearest5Min 2019-05-16 16:15
dateTimeNearest10Min 2019-05-16 16:10
Working on SPY
APIKey FQNM
Start 2019-05-16 13:20:01.729319
dateTimeNearest5Min 2019-05-16 16:20
dateTimeNearest10Min 2019-05-16 16:15
Working on SPY
APIKey FQNM
Start 2019-05-16 13:25:01.666873
dateTimeNearest5Min 2019-05-16 16:25
dateTimeNearest10Min 2019-05-16 16:20
Working on SPY
APIKey FQNM
Start 2019-05-16 13:30:00.955312
dateTimeNearest5Min 2019-05-16 16:30
dateTimeNearest10Min 2019-05-16 16:25
Working on SPY
APIKey FQNM
Start 2019-05-16 13:35:01.760241
dateTimeNearest5Min 2019-05-16 16:35
dateTimeNearest10Min 2019-05-16 16:30
Working on SPY
APIKey FQNM
Start 2019-05-16 13:40:01.459634
dateTimeNearest5Min 2019-05-16 16:40
dateTimeNearest10Min 2019-05-16 16:35
Working on SPY
APIKey FQNM
Start 2019-05-16 13:45:00.876792
dateTimeNearest5Min 2019-05-16 16:45
dateTimeNearest10Min 2019-05-16 16:40
Working on SPY
APIKey FQNM
Start 2019-05-16 13:50:00.948937
dateTimeNearest5Min 2019-05-16 16:50
dateTimeNearest10Min 2019-05-16 16:45
Working on SPY
APIKey FQNM
Start 2019-05-16 13:55:01.068241
dateTimeNearest5Min 2019-05-16 16:55
dateTimeNearest10Min 2019-05-16 16:50
Working on SPY
APIKey FQNM
Start 2019-05-16 19:31:18.960935
dateTimeNearest5Min 2019-05-16 15:30
dateTimeNearest10Min 2019-05-16 15:25
Working on SPY
ema9Now 288.0056
ema9Before 288.0445
ema4Now 287.8479
ema4Before 287.8464
Working on TSLA
ema9Now 228.7394
ema9Before 228.7696
ema4Now 228.6478
ema4Before 228.6671
End 2019-05-16 19:31:25.806999
Start 2019-05-16 19:35:01.823800
dateTimeNearest5Min 2019-05-16 15:35
dateTimeNearest10Min 2019-05-16 15:30
Working on SPY
ema9Now 287.9964
ema9Before 288.0056
ema4Now 287.8927
ema4Before 287.8479
Working on TSLA
ema9Now 228.6336
ema9Before 228.7394
ema4Now 228.4727
ema4Before 228.6478
End 2019-05-16 19:35:08.691883
Start 2019-05-16 19:40:01.691051
dateTimeNearest5Min 2019-05-16 15:40
dateTimeNearest10Min 2019-05-16 15:35
Working on SPY
ema9Now 287.9532
ema9Before 287.9964
ema4Now 287.8476
ema4Before 287.8927
Working on TSLA
ema9Now 228.5588
ema9Before 228.6336
ema4Now 228.3876
ema4Before 228.4727
End 2019-05-16 19:40:08.810788
Start 2019-05-16 19:45:01.992956
dateTimeNearest5Min 2019-05-16 15:45
dateTimeNearest10Min 2019-05-16 15:40
Working on SPY
ema9Now 287.8665
ema9Before 287.9532
ema4Now 287.7166
ema4Before 287.8476
Working on TSLA
ema9Now 228.4471
ema9Before 228.5588
ema4Now 228.2326
ema4Before 228.3876
End 2019-05-16 19:45:08.515921
Start 2019-05-16 19:50:01.915161
dateTimeNearest5Min 2019-05-16 22:50
dateTimeNearest10Min 2019-05-16 22:45
Working on SPY
Start 2019-05-16 19:55:00.672672
dateTimeNearest5Min 2019-05-16 22:55
dateTimeNearest10Min 2019-05-16 22:50
Working on SPY
